2019-10-05 17:00:35.089  [http-nio-8083-exec-5] DEBUG [com.mooc.house.user.mapper.UserMapper.select:] http-nio-8083-exec-5cid - ==>  Preparing: select id, name, phone, email, aboutme, passwd, avatar, type, create_time, enable, agency_id from user WHERE email = ? and passwd = ? and enable = ? 
2019-10-05 17:00:35.098  [http-nio-8083-exec-5] DEBUG [com.mooc.house.user.mapper.UserMapper.select:] http-nio-8083-exec-5cid - ==> Parameters: mooc_hello2@163.com(String), 75fb23b165249cedeb60544c4095ec99(String), 1(Integer)
2019-10-05 17:00:35.228  [http-nio-8083-exec-5] DEBUG [com.mooc.house.user.mapper.UserMapper.select:] http-nio-8083-exec-5cid - <==      Total: 1
2019-10-05 17:03:32.221  [http-nio-8083-exec-7] DEBUG [com.mooc.house.user.mapper.UserMapper.select:] http-nio-8083-exec-7cid - ==>  Preparing: select id, name, phone, email, aboutme, passwd, avatar, type, create_time, enable, agency_id from user WHERE email = ? and passwd = ? and enable = ? 
2019-10-05 17:03:32.223  [http-nio-8083-exec-7] DEBUG [com.mooc.house.user.mapper.UserMapper.select:] http-nio-8083-exec-7cid - ==> Parameters: mooc_hello2@163.com(String), 75fb23b165249cedeb60544c4095ec99(String), 1(Integer)
2019-10-05 17:03:32.226  [http-nio-8083-exec-7] DEBUG [com.mooc.house.user.mapper.UserMapper.select:] http-nio-8083-exec-7cid - <==      Total: 1
2019-10-05 17:05:52.230  [http-nio-8083-exec-8] DEBUG [com.mooc.house.user.mapper.UserMapper.select:] http-nio-8083-exec-8cid - ==>  Preparing: select id, name, phone, email, aboutme, passwd, avatar, type, create_time, enable, agency_id from user WHERE email = ? and passwd = ? and enable = ? 
2019-10-05 17:05:52.231  [http-nio-8083-exec-8] DEBUG [com.mooc.house.user.mapper.UserMapper.select:] http-nio-8083-exec-8cid - ==> Parameters: mooc_hello2@163.com(String), 75fb23b165249cedeb60544c4095ec99(String), 1(Integer)
2019-10-05 17:05:52.233  [http-nio-8083-exec-8] DEBUG [com.mooc.house.user.mapper.UserMapper.select:] http-nio-8083-exec-8cid - <==      Total: 1
2019-10-05 17:08:53.099  [http-nio-8083-exec-10] DEBUG [com.mooc.house.user.mapper.UserMapper.select:] http-nio-8083-exec-10cid - ==>  Preparing: select id, name, phone, email, aboutme, passwd, avatar, type, create_time, enable, agency_id from user WHERE email = ? and passwd = ? and enable = ? 
2019-10-05 17:08:53.100  [http-nio-8083-exec-10] DEBUG [com.mooc.house.user.mapper.UserMapper.select:] http-nio-8083-exec-10cid - ==> Parameters: mooc_hello2@163.com(String), 75fb23b165249cedeb60544c4095ec99(String), 1(Integer)
2019-10-05 17:08:53.103  [http-nio-8083-exec-10] DEBUG [com.mooc.house.user.mapper.UserMapper.select:] http-nio-8083-exec-10cid - <==      Total: 1
2019-10-05 17:09:29.698  [http-nio-8083-exec-1] DEBUG [com.mooc.house.user.mapper.UserMapper.select:] http-nio-8083-exec-1cid - ==>  Preparing: select id, name, phone, email, aboutme, passwd, avatar, type, create_time, enable, agency_id from user WHERE email = ? 
2019-10-05 17:09:29.699  [http-nio-8083-exec-1] DEBUG [com.mooc.house.user.mapper.UserMapper.select:] http-nio-8083-exec-1cid - ==> Parameters: mooc_hello2@163.com(String)
2019-10-05 17:09:29.702  [http-nio-8083-exec-1] DEBUG [com.mooc.house.user.mapper.UserMapper.select:] http-nio-8083-exec-1cid - <==      Total: 1
2019-10-05 17:12:55.172  [http-nio-8083-exec-1] DEBUG [com.mooc.house.user.mapper.UserMapper.select:] http-nio-8083-exec-1cid - ==>  Preparing: select id, name, phone, email, aboutme, passwd, avatar, type, create_time, enable, agency_id from user WHERE email = ? 
2019-10-05 17:12:55.208  [http-nio-8083-exec-1] DEBUG [com.mooc.house.user.mapper.UserMapper.select:] http-nio-8083-exec-1cid - ==> Parameters: mooc_hello2@163.com(String)
2019-10-05 17:12:55.230  [http-nio-8083-exec-1] DEBUG [com.mooc.house.user.mapper.UserMapper.select:] http-nio-8083-exec-1cid - <==      Total: 1
2019-10-05 17:13:09.077  [http-nio-8083-exec-2] DEBUG [com.mooc.house.user.mapper.UserMapper.select:] http-nio-8083-exec-2cid - ==>  Preparing: select id, name, phone, email, aboutme, passwd, avatar, type, create_time, enable, agency_id from user WHERE email = ? 
2019-10-05 17:13:09.079  [http-nio-8083-exec-2] DEBUG [com.mooc.house.user.mapper.UserMapper.select:] http-nio-8083-exec-2cid - ==> Parameters: mooc_hello2@163.com(String)
2019-10-05 17:13:09.082  [http-nio-8083-exec-2] DEBUG [com.mooc.house.user.mapper.UserMapper.select:] http-nio-8083-exec-2cid - <==      Total: 1
2019-10-05 17:13:19.379  [http-nio-8083-exec-3] DEBUG [com.mooc.house.user.mapper.UserMapper.select:] http-nio-8083-exec-3cid - ==>  Preparing: select id, name, phone, email, aboutme, passwd, avatar, type, create_time, enable, agency_id from user WHERE email = ? and passwd = ? and enable = ? 
2019-10-05 17:13:19.383  [http-nio-8083-exec-3] DEBUG [com.mooc.house.user.mapper.UserMapper.select:] http-nio-8083-exec-3cid - ==> Parameters: mooc_hello2@163.com(String), 75fb23b165249cedeb60544c4095ec99(String), 1(Integer)
2019-10-05 17:13:19.392  [http-nio-8083-exec-3] DEBUG [com.mooc.house.user.mapper.UserMapper.select:] http-nio-8083-exec-3cid - <==      Total: 1
2019-10-05 17:13:31.911  [http-nio-8083-exec-4] DEBUG [com.mooc.house.user.mapper.UserMapper.select:] http-nio-8083-exec-4cid - ==>  Preparing: select id, name, phone, email, aboutme, passwd, avatar, type, create_time, enable, agency_id from user WHERE email = ? 
2019-10-05 17:13:31.911  [http-nio-8083-exec-4] DEBUG [com.mooc.house.user.mapper.UserMapper.select:] http-nio-8083-exec-4cid - ==> Parameters: mooc_hello2@163.com(String)
2019-10-05 17:13:31.913  [http-nio-8083-exec-4] DEBUG [com.mooc.house.user.mapper.UserMapper.select:] http-nio-8083-exec-4cid - <==      Total: 1
2019-10-05 17:25:45.207  [http-nio-8083-exec-1] DEBUG [com.mooc.house.user.mapper.UserMapper.select:] http-nio-8083-exec-1cid - ==>  Preparing: select id, name, phone, email, aboutme, passwd, avatar, type, create_time, enable, agency_id from user WHERE email = ? 
2019-10-05 17:25:45.243  [http-nio-8083-exec-1] DEBUG [com.mooc.house.user.mapper.UserMapper.select:] http-nio-8083-exec-1cid - ==> Parameters: mooc_hello2@163.com(String)
2019-10-05 17:25:45.263  [http-nio-8083-exec-1] DEBUG [com.mooc.house.user.mapper.UserMapper.select:] http-nio-8083-exec-1cid - <==      Total: 1
2019-10-05 17:26:00.454  [http-nio-8083-exec-2] DEBUG [com.mooc.house.user.mapper.UserMapper.select:] http-nio-8083-exec-2cid - ==>  Preparing: select id, name, phone, email, aboutme, passwd, avatar, type, create_time, enable, agency_id from user WHERE email = ? and passwd = ? and enable = ? 
2019-10-05 17:26:00.460  [http-nio-8083-exec-2] DEBUG [com.mooc.house.user.mapper.UserMapper.select:] http-nio-8083-exec-2cid - ==> Parameters: mooc_hello2@163.com(String), 75fb23b165249cedeb60544c4095ec99(String), 1(Integer)
2019-10-05 17:26:00.464  [http-nio-8083-exec-2] DEBUG [com.mooc.house.user.mapper.UserMapper.select:] http-nio-8083-exec-2cid - <==      Total: 1
2019-10-05 17:26:08.349  [http-nio-8083-exec-3] DEBUG [com.mooc.house.user.mapper.UserMapper.select:] http-nio-8083-exec-3cid - ==>  Preparing: select id, name, phone, email, aboutme, passwd, avatar, type, create_time, enable, agency_id from user WHERE email = ? 
2019-10-05 17:26:08.350  [http-nio-8083-exec-3] DEBUG [com.mooc.house.user.mapper.UserMapper.select:] http-nio-8083-exec-3cid - ==> Parameters: mooc_hello2@163.com(String)
2019-10-05 17:26:08.354  [http-nio-8083-exec-3] DEBUG [com.mooc.house.user.mapper.UserMapper.select:] http-nio-8083-exec-3cid - <==      Total: 1
2019-10-05 17:26:17.117  [http-nio-8083-exec-4] DEBUG [com.mooc.house.user.mapper.UserMapper.select:] http-nio-8083-exec-4cid - ==>  Preparing: select id, name, phone, email, aboutme, passwd, avatar, type, create_time, enable, agency_id from user WHERE email = ? 
2019-10-05 17:26:17.118  [http-nio-8083-exec-4] DEBUG [com.mooc.house.user.mapper.UserMapper.select:] http-nio-8083-exec-4cid - ==> Parameters: mooc_hello2@163.com(String)
2019-10-05 17:26:17.121  [http-nio-8083-exec-4] DEBUG [com.mooc.house.user.mapper.UserMapper.select:] http-nio-8083-exec-4cid - <==      Total: 1
2019-10-05 17:26:22.117  [http-nio-8083-exec-6] DEBUG [com.mooc.house.user.mapper.UserMapper.select:] http-nio-8083-exec-6cid - ==>  Preparing: select id, name, phone, email, aboutme, passwd, avatar, type, create_time, enable, agency_id from user WHERE email = ? and passwd = ? and enable = ? 
2019-10-05 17:26:22.119  [http-nio-8083-exec-6] DEBUG [com.mooc.house.user.mapper.UserMapper.select:] http-nio-8083-exec-6cid - ==> Parameters: mooc_hello2@163.com(String), 75fb23b165249cedeb60544c4095ec99(String), 1(Integer)
2019-10-05 17:26:22.122  [http-nio-8083-exec-6] DEBUG [com.mooc.house.user.mapper.UserMapper.select:] http-nio-8083-exec-6cid - <==      Total: 1
2019-10-05 17:26:30.227  [http-nio-8083-exec-5] DEBUG [com.mooc.house.user.mapper.UserMapper.select:] http-nio-8083-exec-5cid - ==>  Preparing: select id, name, phone, email, aboutme, passwd, avatar, type, create_time, enable, agency_id from user WHERE email = ? 
2019-10-05 17:26:30.228  [http-nio-8083-exec-5] DEBUG [com.mooc.house.user.mapper.UserMapper.select:] http-nio-8083-exec-5cid - ==> Parameters: mooc_hello2@163.com(String)
2019-10-05 17:26:30.236  [http-nio-8083-exec-5] DEBUG [com.mooc.house.user.mapper.UserMapper.select:] http-nio-8083-exec-5cid - <==      Total: 1
2019-10-05 17:26:43.911  [http-nio-8083-exec-7] DEBUG [com.mooc.house.user.mapper.UserMapper.select:] http-nio-8083-exec-7cid - ==>  Preparing: select id, name, phone, email, aboutme, passwd, avatar, type, create_time, enable, agency_id from user WHERE email = ? 
2019-10-05 17:26:43.912  [http-nio-8083-exec-7] DEBUG [com.mooc.house.user.mapper.UserMapper.select:] http-nio-8083-exec-7cid - ==> Parameters: mooc_hello2@163.com(String)
2019-10-05 17:26:43.915  [http-nio-8083-exec-7] DEBUG [com.mooc.house.user.mapper.UserMapper.select:] http-nio-8083-exec-7cid - <==      Total: 1
2019-10-05 17:27:47.193  [http-nio-8083-exec-1] DEBUG [com.mooc.house.user.mapper.UserMapper.select:] http-nio-8083-exec-1cid - ==>  Preparing: select id, name, phone, email, aboutme, passwd, avatar, type, create_time, enable, agency_id from user WHERE email = ? and passwd = ? and enable = ? 
2019-10-05 17:27:47.193  [http-nio-8083-exec-1] DEBUG [com.mooc.house.user.mapper.UserMapper.select:] http-nio-8083-exec-1cid - ==> Parameters: mooc_hello2@163.com(String), 75fb23b165249cedeb60544c4095ec99(String), 1(Integer)
2019-10-05 17:27:47.197  [http-nio-8083-exec-1] DEBUG [com.mooc.house.user.mapper.UserMapper.select:] http-nio-8083-exec-1cid - <==      Total: 1
2019-10-05 17:27:55.206  [http-nio-8083-exec-10] DEBUG [com.mooc.house.user.mapper.UserMapper.select:] http-nio-8083-exec-10cid - ==>  Preparing: select id, name, phone, email, aboutme, passwd, avatar, type, create_time, enable, agency_id from user WHERE email = ? 
2019-10-05 17:27:55.207  [http-nio-8083-exec-10] DEBUG [com.mooc.house.user.mapper.UserMapper.select:] http-nio-8083-exec-10cid - ==> Parameters: mooc_hello2@163.com(String)
2019-10-05 17:27:55.209  [http-nio-8083-exec-10] DEBUG [com.mooc.house.user.mapper.UserMapper.select:] http-nio-8083-exec-10cid - <==      Total: 1
2019-10-05 17:28:04.020  [http-nio-8083-exec-2] DEBUG [com.mooc.house.user.mapper.UserMapper.select:] http-nio-8083-exec-2cid - ==>  Preparing: select id, name, phone, email, aboutme, passwd, avatar, type, create_time, enable, agency_id from user WHERE email = ? 
2019-10-05 17:28:04.021  [http-nio-8083-exec-2] DEBUG [com.mooc.house.user.mapper.UserMapper.select:] http-nio-8083-exec-2cid - ==> Parameters: mooc_hello2@163.com(String)
2019-10-05 17:28:04.023  [http-nio-8083-exec-2] DEBUG [com.mooc.house.user.mapper.UserMapper.select:] http-nio-8083-exec-2cid - <==      Total: 1
2019-10-05 17:35:14.224  [http-nio-8083-exec-6] DEBUG [com.mooc.house.user.mapper.UserMapper.select:] http-nio-8083-exec-6cid - ==>  Preparing: select id, name, phone, email, aboutme, passwd, avatar, type, create_time, enable, agency_id from user WHERE email = ? 
2019-10-05 17:35:14.225  [http-nio-8083-exec-6] DEBUG [com.mooc.house.user.mapper.UserMapper.select:] http-nio-8083-exec-6cid - ==> Parameters: mooc_hello2@163.com(String)
2019-10-05 17:35:14.229  [http-nio-8083-exec-6] DEBUG [com.mooc.house.user.mapper.UserMapper.select:] http-nio-8083-exec-6cid - <==      Total: 1
2019-10-05 17:35:27.944  [http-nio-8083-exec-5] DEBUG [com.mooc.house.user.mapper.UserMapper.select:] http-nio-8083-exec-5cid - ==>  Preparing: select id, name, phone, email, aboutme, passwd, avatar, type, create_time, enable, agency_id from user WHERE email = ? 
2019-10-05 17:35:27.945  [http-nio-8083-exec-5] DEBUG [com.mooc.house.user.mapper.UserMapper.select:] http-nio-8083-exec-5cid - ==> Parameters: mooc_hello2@163.com(String)
2019-10-05 17:35:27.948  [http-nio-8083-exec-5] DEBUG [com.mooc.house.user.mapper.UserMapper.select:] http-nio-8083-exec-5cid - <==      Total: 1
2019-10-05 17:35:31.726  [http-nio-8083-exec-7] DEBUG [com.mooc.house.user.mapper.UserMapper.select:] http-nio-8083-exec-7cid - ==>  Preparing: select id, name, phone, email, aboutme, passwd, avatar, type, create_time, enable, agency_id from user WHERE email = ? 
2019-10-05 17:35:31.728  [http-nio-8083-exec-7] DEBUG [com.mooc.house.user.mapper.UserMapper.select:] http-nio-8083-exec-7cid - ==> Parameters: mooc_hello2@163.com(String)
2019-10-05 17:35:31.733  [http-nio-8083-exec-7] DEBUG [com.mooc.house.user.mapper.UserMapper.select:] http-nio-8083-exec-7cid - <==      Total: 1
2019-10-05 17:35:41.964  [http-nio-8083-exec-8] DEBUG [com.mooc.house.user.mapper.UserMapper.select:] http-nio-8083-exec-8cid - ==>  Preparing: select id, name, phone, email, aboutme, passwd, avatar, type, create_time, enable, agency_id from user WHERE email = ? 
2019-10-05 17:35:41.966  [http-nio-8083-exec-8] DEBUG [com.mooc.house.user.mapper.UserMapper.select:] http-nio-8083-exec-8cid - ==> Parameters: mooc_hello2@163.com(String)
2019-10-05 17:35:41.969  [http-nio-8083-exec-8] DEBUG [com.mooc.house.user.mapper.UserMapper.select:] http-nio-8083-exec-8cid - <==      Total: 1
2019-10-05 17:36:04.003  [http-nio-8083-exec-9] DEBUG [com.mooc.house.user.mapper.UserMapper.select:] http-nio-8083-exec-9cid - ==>  Preparing: select id, name, phone, email, aboutme, passwd, avatar, type, create_time, enable, agency_id from user WHERE email = ? 
2019-10-05 17:36:04.004  [http-nio-8083-exec-9] DEBUG [com.mooc.house.user.mapper.UserMapper.select:] http-nio-8083-exec-9cid - ==> Parameters: mooc_hello2@163.com(String)
2019-10-05 17:36:04.007  [http-nio-8083-exec-9] DEBUG [com.mooc.house.user.mapper.UserMapper.select:] http-nio-8083-exec-9cid - <==      Total: 1
2019-10-05 17:36:41.935  [http-nio-8083-exec-1] DEBUG [com.mooc.house.user.mapper.UserMapper.select:] http-nio-8083-exec-1cid - ==>  Preparing: select id, name, phone, email, aboutme, passwd, avatar, type, create_time, enable, agency_id from user WHERE email = ? 
2019-10-05 17:36:41.937  [http-nio-8083-exec-1] DEBUG [com.mooc.house.user.mapper.UserMapper.select:] http-nio-8083-exec-1cid - ==> Parameters: mooc_hello2@163.com(String)
2019-10-05 17:36:41.944  [http-nio-8083-exec-1] DEBUG [com.mooc.house.user.mapper.UserMapper.select:] http-nio-8083-exec-1cid - <==      Total: 1
2019-10-05 17:36:46.714  [http-nio-8083-exec-4] DEBUG [com.mooc.house.user.mapper.UserMapper.select:] http-nio-8083-exec-4cid - ==>  Preparing: select id, name, phone, email, aboutme, passwd, avatar, type, create_time, enable, agency_id from user WHERE email = ? and passwd = ? and enable = ? 
2019-10-05 17:36:46.716  [http-nio-8083-exec-4] DEBUG [com.mooc.house.user.mapper.UserMapper.select:] http-nio-8083-exec-4cid - ==> Parameters: mooc_hello2@163.com(String), 75fb23b165249cedeb60544c4095ec99(String), 1(Integer)
2019-10-05 17:36:46.720  [http-nio-8083-exec-4] DEBUG [com.mooc.house.user.mapper.UserMapper.select:] http-nio-8083-exec-4cid - <==      Total: 1
2019-10-05 17:36:54.703  [http-nio-8083-exec-3] DEBUG [com.mooc.house.user.mapper.UserMapper.select:] http-nio-8083-exec-3cid - ==>  Preparing: select id, name, phone, email, aboutme, passwd, avatar, type, create_time, enable, agency_id from user WHERE email = ? 
2019-10-05 17:36:54.704  [http-nio-8083-exec-3] DEBUG [com.mooc.house.user.mapper.UserMapper.select:] http-nio-8083-exec-3cid - ==> Parameters: mooc_hello2@163.com(String)
2019-10-05 17:36:54.706  [http-nio-8083-exec-3] DEBUG [com.mooc.house.user.mapper.UserMapper.select:] http-nio-8083-exec-3cid - <==      Total: 1
2019-10-05 17:37:06.562  [http-nio-8083-exec-6] DEBUG [com.mooc.house.user.mapper.UserMapper.select:] http-nio-8083-exec-6cid - ==>  Preparing: select id, name, phone, email, aboutme, passwd, avatar, type, create_time, enable, agency_id from user WHERE email = ? 
2019-10-05 17:37:06.562  [http-nio-8083-exec-6] DEBUG [com.mooc.house.user.mapper.UserMapper.select:] http-nio-8083-exec-6cid - ==> Parameters: mooc_hello2@163.com(String)
2019-10-05 17:37:06.565  [http-nio-8083-exec-6] DEBUG [com.mooc.house.user.mapper.UserMapper.select:] http-nio-8083-exec-6cid - <==      Total: 1
2019-10-05 17:39:35.724  [http-nio-8083-exec-7] DEBUG [com.mooc.house.user.mapper.UserMapper.select:] http-nio-8083-exec-7cid - ==>  Preparing: select id, name, phone, email, aboutme, passwd, avatar, type, create_time, enable, agency_id from user WHERE email = ? 
2019-10-05 17:39:35.725  [http-nio-8083-exec-7] DEBUG [com.mooc.house.user.mapper.UserMapper.select:] http-nio-8083-exec-7cid - ==> Parameters: mooc_hello2@163.com(String)
2019-10-05 17:39:35.727  [http-nio-8083-exec-7] DEBUG [com.mooc.house.user.mapper.UserMapper.select:] http-nio-8083-exec-7cid - <==      Total: 1
