2019-10-05 16:34:04.345  [http-nio-8083-exec-1] DEBUG [com.mooc.house.user.mapper.UserMapper.select:] http-nio-8083-exec-1cid - ==>  Preparing: select id, name, phone, email, aboutme, passwd, avatar, type, create_time, enable, agency_id from user WHERE email = ? and passwd = ? and enable = ? 
2019-10-05 16:34:04.407  [http-nio-8083-exec-1] DEBUG [com.mooc.house.user.mapper.UserMapper.select:] http-nio-8083-exec-1cid - ==> Parameters: epc_manage_5(String), f8bb32ae5922ec2b1482cd5a384a628b(String), 1(Integer)
2019-10-05 16:34:04.488  [http-nio-8083-exec-1] DEBUG [com.mooc.house.user.mapper.UserMapper.select:] http-nio-8083-exec-1cid - <==      Total: 0
2019-10-05 16:35:45.007  [http-nio-8083-exec-3] DEBUG [com.mooc.house.user.mapper.UserMapper.select:] http-nio-8083-exec-3cid - ==>  Preparing: select id, name, phone, email, aboutme, passwd, avatar, type, create_time, enable, agency_id from user WHERE email = ? and passwd = ? and enable = ? 
2019-10-05 16:35:45.008  [http-nio-8083-exec-3] DEBUG [com.mooc.house.user.mapper.UserMapper.select:] http-nio-8083-exec-3cid - ==> Parameters: 15914343735@163.com(String), 9774f20408063cc19ac79e8afff1b59e(String), 1(Integer)
2019-10-05 16:35:45.012  [http-nio-8083-exec-3] DEBUG [com.mooc.house.user.mapper.UserMapper.select:] http-nio-8083-exec-3cid - <==      Total: 0
2019-10-05 16:36:07.299  [http-nio-8083-exec-4] DEBUG [com.mooc.house.user.mapper.UserMapper.select:] http-nio-8083-exec-4cid - ==>  Preparing: select id, name, phone, email, aboutme, passwd, avatar, type, create_time, enable, agency_id from user WHERE email = ? and passwd = ? and enable = ? 
2019-10-05 16:36:07.300  [http-nio-8083-exec-4] DEBUG [com.mooc.house.user.mapper.UserMapper.select:] http-nio-8083-exec-4cid - ==> Parameters: 15914343735@163.com(String), a641b86a71a90c3faee0d02b26f7433b(String), 1(Integer)
2019-10-05 16:36:07.302  [http-nio-8083-exec-4] DEBUG [com.mooc.house.user.mapper.UserMapper.select:] http-nio-8083-exec-4cid - <==      Total: 0
2019-10-05 16:38:31.160  [http-nio-8083-exec-6] DEBUG [com.mooc.house.user.mapper.UserMapper.select:] http-nio-8083-exec-6cid - ==>  Preparing: select id, name, phone, email, aboutme, passwd, avatar, type, create_time, enable, agency_id from user WHERE email = ? and passwd = ? and enable = ? 
2019-10-05 16:38:31.163  [http-nio-8083-exec-6] DEBUG [com.mooc.house.user.mapper.UserMapper.select:] http-nio-8083-exec-6cid - ==> Parameters: mooc_hello1@163.com(String), a641b86a71a90c3faee0d02b26f7433b(String), 1(Integer)
2019-10-05 16:38:31.166  [http-nio-8083-exec-6] DEBUG [com.mooc.house.user.mapper.UserMapper.select:] http-nio-8083-exec-6cid - <==      Total: 0
2019-10-05 16:38:46.560  [http-nio-8083-exec-7] DEBUG [com.mooc.house.user.mapper.UserMapper.select:] http-nio-8083-exec-7cid - ==>  Preparing: select id, name, phone, email, aboutme, passwd, avatar, type, create_time, enable, agency_id from user WHERE email = ? and passwd = ? and enable = ? 
2019-10-05 16:38:46.563  [http-nio-8083-exec-7] DEBUG [com.mooc.house.user.mapper.UserMapper.select:] http-nio-8083-exec-7cid - ==> Parameters: mooc_hello1@163.com(String), 9774f20408063cc19ac79e8afff1b59e(String), 1(Integer)
2019-10-05 16:38:46.565  [http-nio-8083-exec-7] DEBUG [com.mooc.house.user.mapper.UserMapper.select:] http-nio-8083-exec-7cid - <==      Total: 0
2019-10-05 16:40:28.932  [http-nio-8083-exec-9] DEBUG [com.mooc.house.user.mapper.UserMapper.select:] http-nio-8083-exec-9cid - ==>  Preparing: select id, name, phone, email, aboutme, passwd, avatar, type, create_time, enable, agency_id from user WHERE email = ? and passwd = ? and enable = ? 
2019-10-05 16:40:28.933  [http-nio-8083-exec-9] DEBUG [com.mooc.house.user.mapper.UserMapper.select:] http-nio-8083-exec-9cid - ==> Parameters: mooc_hello1@163.com(String), 75fb23b165249cedeb60544c4095ec99(String), 1(Integer)
2019-10-05 16:40:28.937  [http-nio-8083-exec-9] DEBUG [com.mooc.house.user.mapper.UserMapper.select:] http-nio-8083-exec-9cid - <==      Total: 0
2019-10-05 16:41:40.810  [http-nio-8083-exec-1] DEBUG [com.mooc.house.user.mapper.UserMapper.select:] http-nio-8083-exec-1cid - ==>  Preparing: select id, name, phone, email, aboutme, passwd, avatar, type, create_time, enable, agency_id from user WHERE email = ? and passwd = ? and enable = ? 
2019-10-05 16:41:40.815  [http-nio-8083-exec-1] DEBUG [com.mooc.house.user.mapper.UserMapper.select:] http-nio-8083-exec-1cid - ==> Parameters: mooc_hello2@163.com(String), 75fb23b165249cedeb60544c4095ec99(String), 1(Integer)
2019-10-05 16:41:40.841  [http-nio-8083-exec-1] DEBUG [com.mooc.house.user.mapper.UserMapper.select:] http-nio-8083-exec-1cid - <==      Total: 1
